<?xml version="1.0" encoding="UTF-8"?>
<!-- Generated by org.testng.reporters.JUnitReportReporter -->
<testsuite hostname="ARANI-PC" name="FlightBookingTest" tests="1" failures="0" timestamp="23 Jun 2019 13:56:09 GMT" time="38.625" errors="0">
  <testcase name="testThatResultsAppearForAOneWayJourney" time="38.625" classname="FlightBookingTest"/>
</testsuite> <!-- FlightBookingTest -->
