<?xml version="1.0" encoding="UTF-8"?>
<!-- Generated by org.testng.reporters.JUnitReportReporter -->
<testsuite hostname="ARANI-PC" name="SignInTest" tests="1" failures="0" timestamp="23 Jun 2019 13:56:09 GMT" time="29.057" errors="0">
  <testcase name="shouldThrowAnErrorIfSignInDetailsAreMissing" time="29.057" classname="SignInTest"/>
</testsuite> <!-- SignInTest -->
